{"C:\\Users\\juand\\OneDrive\\Escritorio\\crashtracker\\backend\\src\\server.ts": {"path":"C:\\Users\\juand\\OneDrive\\Escritorio\\crashtracker\\backend\\src\\server.ts","statementMap":{"0":{"start":{"line":9,"column":0},"end":{"line":9,"column":7}},"1":{"start":{"line":1,"column":0},"end":{"line":1,"column":29}},"2":{"start":{"line":3,"column":0},"end":{"line":3,"column":27}},"3":{"start":{"line":4,"column":0},"end":{"line":4,"column":32}},"4":{"start":{"line":5,"column":0},"end":{"line":5,"column":48}},"5":{"start":{"line":6,"column":0},"end":{"line":6,"column":44}},"6":{"start":{"line":10,"column":4},"end":{"line":17,"column":5}},"7":{"start":{"line":11,"column":8},"end":{"line":11,"column":null}},"8":{"start":{"line":12,"column":8},"end":{"line":12,"column":null}},"9":{"start":{"line":20,"column":0},"end":{"line":20,"column":null}},"10":{"start":{"line":22,"column":12},"end":{"line":22,"column":21}},"11":{"start":{"line":24,"column":0},"end":{"line":24,"column":null}},"12":{"start":{"line":26,"column":0},"end":{"line":26,"column":null}},"13":{"start":{"line":28,"column":0},"end":{"line":28,"column":null}},"14":{"start":{"line":29,"column":0},"end":{"line":29,"column":null}},"15":{"start":{"line":32,"column":0},"end":{"line":32,"column":null}}},"fnMap":{"0":{"name":"connectDB","decl":{"start":{"line":9,"column":22},"end":{"line":9,"column":31}},"loc":{"start":{"line":9,"column":31},"end":{"line":18,"column":1}}}},"branchMap":{},"s":{"0":1,"1":1,"2":1,"3":1,"4":1,"5":1,"6":1,"7":1,"8":1,"9":1,"10":1,"11":1,"12":1,"13":1,"14":1,"15":1},"f":{"0":1},"b":{}}
,"C:\\Users\\juand\\OneDrive\\Escritorio\\crashtracker\\backend\\src\\config\\db.ts": {"path":"C:\\Users\\juand\\OneDrive\\Escritorio\\crashtracker\\backend\\src\\config\\db.ts","statementMap":{"0":{"start":{"line":1,"column":0},"end":{"line":1,"column":46}},"1":{"start":{"line":2,"column":0},"end":{"line":2,"column":27}},"2":{"start":{"line":4,"column":0},"end":{"line":4,"column":null}},"3":{"start":{"line":6,"column":13},"end":{"line":14,"column":null}}},"fnMap":{},"branchMap":{},"s":{"0":1,"1":1,"2":1,"3":1},"f":{},"b":{}}
,"C:\\Users\\juand\\OneDrive\\Escritorio\\crashtracker\\backend\\src\\config\\limiter.ts": {"path":"C:\\Users\\juand\\OneDrive\\Escritorio\\crashtracker\\backend\\src\\config\\limiter.ts","statementMap":{"0":{"start":{"line":1,"column":0},"end":{"line":1,"column":44}},"1":{"start":{"line":3,"column":13},"end":{"line":7,"column":null}}},"fnMap":{},"branchMap":{"0":{"loc":{"start":{"line":5,"column":10},"end":{"line":5,"column":51}},"type":"cond-expr","locations":[{"start":{"line":5,"column":46},"end":{"line":5,"column":47}},{"start":{"line":5,"column":48},"end":{"line":5,"column":51}}]}},"s":{"0":1,"1":1},"f":{},"b":{"0":[0,1]}}
,"C:\\Users\\juand\\OneDrive\\Escritorio\\crashtracker\\backend\\src\\config\\nodemailer.ts": {"path":"C:\\Users\\juand\\OneDrive\\Escritorio\\crashtracker\\backend\\src\\config\\nodemailer.ts","statementMap":{"0":{"start":{"line":1,"column":0},"end":{"line":1,"column":35}},"1":{"start":{"line":2,"column":0},"end":{"line":2,"column":27}},"2":{"start":{"line":3,"column":0},"end":{"line":3,"column":null}},"3":{"start":{"line":14,"column":15},"end":{"line":23,"column":1}},"4":{"start":{"line":15,"column":4},"end":{"line":22,"column":null}},"5":{"start":{"line":25,"column":13},"end":{"line":25,"column":62}}},"fnMap":{"0":{"name":"(anonymous_1)","decl":{"start":{"line":14,"column":15},"end":{"line":14,"column":33}},"loc":{"start":{"line":14,"column":35},"end":{"line":23,"column":1}}}},"branchMap":{},"s":{"0":2,"1":2,"2":2,"3":2,"4":2,"5":2},"f":{"0":2},"b":{}}
,"C:\\Users\\juand\\OneDrive\\Escritorio\\crashtracker\\backend\\src\\controllers\\AuthController.ts": {"path":"C:\\Users\\juand\\OneDrive\\Escritorio\\crashtracker\\backend\\src\\controllers\\AuthController.ts","statementMap":{"0":{"start":{"line":2,"column":0},"end":{"line":2,"column":33}},"1":{"start":{"line":3,"column":0},"end":{"line":3,"column":59}},"2":{"start":{"line":4,"column":0},"end":{"line":4,"column":46}},"3":{"start":{"line":5,"column":0},"end":{"line":5,"column":47}},"4":{"start":{"line":6,"column":0},"end":{"line":6,"column":42}},"5":{"start":{"line":9,"column":27},"end":{"line":42,"column":5}},"6":{"start":{"line":10,"column":30},"end":{"line":10,"column":38}},"7":{"start":{"line":12,"column":26},"end":{"line":12,"column":61}},"8":{"start":{"line":14,"column":8},"end":{"line":18,"column":9}},"9":{"start":{"line":15,"column":26},"end":{"line":15,"column":68}},"10":{"start":{"line":16,"column":12},"end":{"line":16,"column":null}},"11":{"start":{"line":17,"column":12},"end":{"line":17,"column":18}},"12":{"start":{"line":19,"column":8},"end":{"line":41,"column":9}},"13":{"start":{"line":20,"column":25},"end":{"line":20,"column":52}},"14":{"start":{"line":22,"column":12},"end":{"line":22,"column":null}},"15":{"start":{"line":23,"column":26},"end":{"line":23,"column":41}},"16":{"start":{"line":24,"column":12},"end":{"line":24,"column":31}},"17":{"start":{"line":26,"column":12},"end":{"line":28,"column":13}},"18":{"start":{"line":27,"column":16},"end":{"line":27,"column":null}},"19":{"start":{"line":30,"column":12},"end":{"line":30,"column":null}},"20":{"start":{"line":32,"column":12},"end":{"line":36,"column":null}},"21":{"start":{"line":37,"column":12},"end":{"line":37,"column":null}},"22":{"start":{"line":39,"column":12},"end":{"line":39,"column":null}},"23":{"start":{"line":40,"column":12},"end":{"line":40,"column":null}},"24":{"start":{"line":43,"column":28},"end":{"line":55,"column":5}},"25":{"start":{"line":44,"column":24},"end":{"line":44,"column":32}},"26":{"start":{"line":45,"column":21},"end":{"line":45,"column":56}},"27":{"start":{"line":46,"column":8},"end":{"line":50,"column":9}},"28":{"start":{"line":47,"column":26},"end":{"line":47,"column":54}},"29":{"start":{"line":48,"column":12},"end":{"line":48,"column":null}},"30":{"start":{"line":49,"column":12},"end":{"line":49,"column":18}},"31":{"start":{"line":51,"column":8},"end":{"line":51,"column":null}},"32":{"start":{"line":52,"column":8},"end":{"line":52,"column":null}},"33":{"start":{"line":53,"column":8},"end":{"line":53,"column":null}},"34":{"start":{"line":54,"column":8},"end":{"line":54,"column":null}},"35":{"start":{"line":57,"column":19},"end":{"line":83,"column":5}},"36":{"start":{"line":58,"column":30},"end":{"line":58,"column":38}},"37":{"start":{"line":60,"column":21},"end":{"line":60,"column":56}},"38":{"start":{"line":62,"column":8},"end":{"line":66,"column":9}},"39":{"start":{"line":63,"column":26},"end":{"line":63,"column":59}},"40":{"start":{"line":64,"column":12},"end":{"line":64,"column":null}},"41":{"start":{"line":65,"column":12},"end":{"line":65,"column":18}},"42":{"start":{"line":68,"column":8},"end":{"line":72,"column":9}},"43":{"start":{"line":69,"column":26},"end":{"line":69,"column":67}},"44":{"start":{"line":70,"column":12},"end":{"line":70,"column":null}},"45":{"start":{"line":71,"column":12},"end":{"line":71,"column":18}},"46":{"start":{"line":74,"column":34},"end":{"line":74,"column":77}},"47":{"start":{"line":75,"column":8},"end":{"line":79,"column":9}},"48":{"start":{"line":76,"column":26},"end":{"line":76,"column":60}},"49":{"start":{"line":77,"column":12},"end":{"line":77,"column":null}},"50":{"start":{"line":78,"column":12},"end":{"line":78,"column":18}},"51":{"start":{"line":81,"column":22},"end":{"line":81,"column":42}},"52":{"start":{"line":82,"column":8},"end":{"line":82,"column":null}},"53":{"start":{"line":84,"column":28},"end":{"line":102,"column":5}},"54":{"start":{"line":85,"column":21},"end":{"line":85,"column":29}},"55":{"start":{"line":87,"column":21},"end":{"line":87,"column":56}},"56":{"start":{"line":89,"column":8},"end":{"line":93,"column":9}},"57":{"start":{"line":90,"column":26},"end":{"line":90,"column":59}},"58":{"start":{"line":91,"column":12},"end":{"line":91,"column":null}},"59":{"start":{"line":92,"column":12},"end":{"line":92,"column":18}},"60":{"start":{"line":94,"column":8},"end":{"line":94,"column":null}},"61":{"start":{"line":95,"column":8},"end":{"line":95,"column":null}},"62":{"start":{"line":96,"column":8},"end":{"line":100,"column":null}},"63":{"start":{"line":101,"column":8},"end":{"line":101,"column":null}},"64":{"start":{"line":103,"column":27},"end":{"line":112,"column":5}},"65":{"start":{"line":104,"column":24},"end":{"line":104,"column":32}},"66":{"start":{"line":105,"column":28},"end":{"line":105,"column":63}},"67":{"start":{"line":106,"column":8},"end":{"line":110,"column":9}},"68":{"start":{"line":107,"column":26},"end":{"line":107,"column":54}},"69":{"start":{"line":108,"column":12},"end":{"line":108,"column":null}},"70":{"start":{"line":109,"column":12},"end":{"line":109,"column":18}},"71":{"start":{"line":111,"column":8},"end":{"line":111,"column":null}},"72":{"start":{"line":113,"column":36},"end":{"line":126,"column":5}},"73":{"start":{"line":114,"column":24},"end":{"line":114,"column":34}},"74":{"start":{"line":115,"column":27},"end":{"line":115,"column":35}},"75":{"start":{"line":116,"column":21},"end":{"line":116,"column":56}},"76":{"start":{"line":117,"column":8},"end":{"line":121,"column":9}},"77":{"start":{"line":118,"column":26},"end":{"line":118,"column":54}},"78":{"start":{"line":119,"column":12},"end":{"line":119,"column":null}},"79":{"start":{"line":120,"column":12},"end":{"line":120,"column":18}},"80":{"start":{"line":122,"column":8},"end":{"line":122,"column":null}},"81":{"start":{"line":123,"column":8},"end":{"line":123,"column":null}},"82":{"start":{"line":124,"column":8},"end":{"line":124,"column":null}},"83":{"start":{"line":125,"column":8},"end":{"line":125,"column":null}},"84":{"start":{"line":127,"column":18},"end":{"line":129,"column":5}},"85":{"start":{"line":128,"column":8},"end":{"line":128,"column":null}},"86":{"start":{"line":130,"column":39},"end":{"line":143,"column":5}},"87":{"start":{"line":131,"column":41},"end":{"line":131,"column":49}},"88":{"start":{"line":132,"column":20},"end":{"line":132,"column":28}},"89":{"start":{"line":133,"column":21},"end":{"line":133,"column":44}},"90":{"start":{"line":134,"column":34},"end":{"line":134,"column":85}},"91":{"start":{"line":135,"column":8},"end":{"line":139,"column":9}},"92":{"start":{"line":136,"column":26},"end":{"line":136,"column":71}},"93":{"start":{"line":137,"column":12},"end":{"line":137,"column":null}},"94":{"start":{"line":138,"column":12},"end":{"line":138,"column":18}},"95":{"start":{"line":140,"column":8},"end":{"line":140,"column":null}},"96":{"start":{"line":141,"column":8},"end":{"line":141,"column":null}},"97":{"start":{"line":142,"column":8},"end":{"line":142,"column":null}},"98":{"start":{"line":144,"column":27},"end":{"line":156,"column":5}},"99":{"start":{"line":145,"column":24},"end":{"line":145,"column":32}},"100":{"start":{"line":146,"column":20},"end":{"line":146,"column":28}},"101":{"start":{"line":147,"column":21},"end":{"line":147,"column":44}},"102":{"start":{"line":148,"column":34},"end":{"line":148,"column":77}},"103":{"start":{"line":149,"column":8},"end":{"line":153,"column":9}},"104":{"start":{"line":150,"column":26},"end":{"line":150,"column":71}},"105":{"start":{"line":151,"column":12},"end":{"line":151,"column":null}},"106":{"start":{"line":152,"column":12},"end":{"line":152,"column":18}},"107":{"start":{"line":155,"column":8},"end":{"line":155,"column":null}},"108":{"start":{"line":8,"column":0},"end":{"line":8,"column":13}}},"fnMap":{"0":{"name":"(anonymous_1)","decl":{"start":{"line":9,"column":27},"end":{"line":9,"column":32}},"loc":{"start":{"line":9,"column":60},"end":{"line":42,"column":5}}},"1":{"name":"(anonymous_2)","decl":{"start":{"line":43,"column":28},"end":{"line":43,"column":33}},"loc":{"start":{"line":43,"column":61},"end":{"line":55,"column":5}}},"2":{"name":"(anonymous_3)","decl":{"start":{"line":57,"column":19},"end":{"line":57,"column":24}},"loc":{"start":{"line":57,"column":52},"end":{"line":83,"column":5}}},"3":{"name":"(anonymous_4)","decl":{"start":{"line":84,"column":28},"end":{"line":84,"column":33}},"loc":{"start":{"line":84,"column":61},"end":{"line":102,"column":5}}},"4":{"name":"(anonymous_5)","decl":{"start":{"line":103,"column":27},"end":{"line":103,"column":32}},"loc":{"start":{"line":103,"column":60},"end":{"line":112,"column":5}}},"5":{"name":"(anonymous_6)","decl":{"start":{"line":113,"column":36},"end":{"line":113,"column":41}},"loc":{"start":{"line":113,"column":69},"end":{"line":126,"column":5}}},"6":{"name":"(anonymous_7)","decl":{"start":{"line":127,"column":18},"end":{"line":127,"column":23}},"loc":{"start":{"line":127,"column":51},"end":{"line":129,"column":5}}},"7":{"name":"(anonymous_8)","decl":{"start":{"line":130,"column":39},"end":{"line":130,"column":44}},"loc":{"start":{"line":130,"column":72},"end":{"line":143,"column":5}}},"8":{"name":"(anonymous_9)","decl":{"start":{"line":144,"column":27},"end":{"line":144,"column":32}},"loc":{"start":{"line":144,"column":60},"end":{"line":156,"column":5}}}},"branchMap":{"0":{"loc":{"start":{"line":14,"column":8},"end":{"line":18,"column":9}},"type":"if","locations":[{"start":{"line":14,"column":8},"end":{"line":18,"column":9}}]},"1":{"loc":{"start":{"line":26,"column":12},"end":{"line":28,"column":13}},"type":"if","locations":[{"start":{"line":26,"column":12},"end":{"line":28,"column":13}}]},"2":{"loc":{"start":{"line":46,"column":8},"end":{"line":50,"column":9}},"type":"if","locations":[{"start":{"line":46,"column":8},"end":{"line":50,"column":9}}]},"3":{"loc":{"start":{"line":62,"column":8},"end":{"line":66,"column":9}},"type":"if","locations":[{"start":{"line":62,"column":8},"end":{"line":66,"column":9}}]},"4":{"loc":{"start":{"line":68,"column":8},"end":{"line":72,"column":9}},"type":"if","locations":[{"start":{"line":68,"column":8},"end":{"line":72,"column":9}}]},"5":{"loc":{"start":{"line":75,"column":8},"end":{"line":79,"column":9}},"type":"if","locations":[{"start":{"line":75,"column":8},"end":{"line":79,"column":9}}]},"6":{"loc":{"start":{"line":89,"column":8},"end":{"line":93,"column":9}},"type":"if","locations":[{"start":{"line":89,"column":8},"end":{"line":93,"column":9}}]},"7":{"loc":{"start":{"line":106,"column":8},"end":{"line":110,"column":9}},"type":"if","locations":[{"start":{"line":106,"column":8},"end":{"line":110,"column":9}}]},"8":{"loc":{"start":{"line":117,"column":8},"end":{"line":121,"column":9}},"type":"if","locations":[{"start":{"line":117,"column":8},"end":{"line":121,"column":9}}]},"9":{"loc":{"start":{"line":135,"column":8},"end":{"line":139,"column":9}},"type":"if","locations":[{"start":{"line":135,"column":8},"end":{"line":139,"column":9}}]},"10":{"loc":{"start":{"line":149,"column":8},"end":{"line":153,"column":9}},"type":"if","locations":[{"start":{"line":149,"column":8},"end":{"line":153,"column":9}}]}},"s":{"0":2,"1":2,"2":2,"3":2,"4":2,"5":2,"6":5,"7":5,"8":5,"9":4,"10":4,"11":4,"12":1,"13":1,"14":1,"15":1,"16":1,"17":1,"18":1,"19":1,"20":1,"21":1,"22":0,"23":0,"24":2,"25":1,"26":1,"27":1,"28":1,"29":1,"30":1,"31":0,"32":0,"33":0,"34":0,"35":2,"36":14,"37":14,"38":14,"39":2,"40":2,"41":2,"42":12,"43":3,"44":3,"45":3,"46":9,"47":9,"48":2,"49":2,"50":2,"51":7,"52":7,"53":2,"54":0,"55":0,"56":0,"57":0,"58":0,"59":0,"60":0,"61":0,"62":0,"63":0,"64":2,"65":0,"66":0,"67":0,"68":0,"69":0,"70":0,"71":0,"72":2,"73":0,"74":0,"75":0,"76":0,"77":0,"78":0,"79":0,"80":0,"81":0,"82":0,"83":0,"84":2,"85":0,"86":2,"87":0,"88":0,"89":0,"90":0,"91":0,"92":0,"93":0,"94":0,"95":0,"96":0,"97":0,"98":2,"99":0,"100":0,"101":0,"102":0,"103":0,"104":0,"105":0,"106":0,"107":0,"108":2},"f":{"0":5,"1":1,"2":14,"3":0,"4":0,"5":0,"6":0,"7":0,"8":0},"b":{"0":[4],"1":[1],"2":[1],"3":[2],"4":[3],"5":[2],"6":[0],"7":[0],"8":[0],"9":[0],"10":[0]}}
,"C:\\Users\\juand\\OneDrive\\Escritorio\\crashtracker\\backend\\src\\controllers\\BudgetController.ts": {"path":"C:\\Users\\juand\\OneDrive\\Escritorio\\crashtracker\\backend\\src\\controllers\\BudgetController.ts","statementMap":{"0":{"start":{"line":2,"column":0},"end":{"line":2,"column":37}},"1":{"start":{"line":3,"column":0},"end":{"line":3,"column":39}},"2":{"start":{"line":6,"column":20},"end":{"line":20,"column":5}},"3":{"start":{"line":7,"column":8},"end":{"line":19,"column":9}},"4":{"start":{"line":8,"column":28},"end":{"line":15,"column":14}},"5":{"start":{"line":16,"column":12},"end":{"line":16,"column":null}},"6":{"start":{"line":18,"column":12},"end":{"line":18,"column":null}},"7":{"start":{"line":21,"column":20},"end":{"line":30,"column":5}},"8":{"start":{"line":22,"column":8},"end":{"line":29,"column":9}},"9":{"start":{"line":23,"column":27},"end":{"line":23,"column":56}},"10":{"start":{"line":24,"column":12},"end":{"line":24,"column":null}},"11":{"start":{"line":25,"column":12},"end":{"line":25,"column":null}},"12":{"start":{"line":26,"column":12},"end":{"line":26,"column":null}},"13":{"start":{"line":28,"column":12},"end":{"line":28,"column":null}},"14":{"start":{"line":31,"column":21},"end":{"line":36,"column":5}},"15":{"start":{"line":32,"column":23},"end":{"line":34,"column":10}},"16":{"start":{"line":35,"column":8},"end":{"line":35,"column":null}},"17":{"start":{"line":37,"column":24},"end":{"line":40,"column":5}},"18":{"start":{"line":38,"column":8},"end":{"line":38,"column":null}},"19":{"start":{"line":39,"column":8},"end":{"line":39,"column":null}},"20":{"start":{"line":41,"column":24},"end":{"line":44,"column":5}},"21":{"start":{"line":42,"column":8},"end":{"line":42,"column":null}},"22":{"start":{"line":43,"column":8},"end":{"line":43,"column":null}},"23":{"start":{"line":5,"column":0},"end":{"line":5,"column":13}}},"fnMap":{"0":{"name":"(anonymous_1)","decl":{"start":{"line":6,"column":20},"end":{"line":6,"column":25}},"loc":{"start":{"line":6,"column":53},"end":{"line":20,"column":5}}},"1":{"name":"(anonymous_2)","decl":{"start":{"line":21,"column":20},"end":{"line":21,"column":25}},"loc":{"start":{"line":21,"column":53},"end":{"line":30,"column":5}}},"2":{"name":"(anonymous_3)","decl":{"start":{"line":31,"column":21},"end":{"line":31,"column":26}},"loc":{"start":{"line":31,"column":54},"end":{"line":36,"column":5}}},"3":{"name":"(anonymous_4)","decl":{"start":{"line":37,"column":24},"end":{"line":37,"column":29}},"loc":{"start":{"line":37,"column":57},"end":{"line":40,"column":5}}},"4":{"name":"(anonymous_5)","decl":{"start":{"line":41,"column":24},"end":{"line":41,"column":29}},"loc":{"start":{"line":41,"column":57},"end":{"line":44,"column":5}}}},"branchMap":{},"s":{"0":2,"1":2,"2":2,"3":5,"4":5,"5":4,"6":1,"7":2,"8":2,"9":2,"10":1,"11":1,"12":1,"13":1,"14":2,"15":3,"16":3,"17":2,"18":1,"19":1,"20":2,"21":1,"22":1,"23":2},"f":{"0":5,"1":2,"2":3,"3":1,"4":1},"b":{}}
,"C:\\Users\\juand\\OneDrive\\Escritorio\\crashtracker\\backend\\src\\controllers\\ExpenseController.ts": {"path":"C:\\Users\\juand\\OneDrive\\Escritorio\\crashtracker\\backend\\src\\controllers\\ExpenseController.ts","statementMap":{"0":{"start":{"line":2,"column":0},"end":{"line":2,"column":39}},"1":{"start":{"line":6,"column":20},"end":{"line":15,"column":5}},"2":{"start":{"line":7,"column":5},"end":{"line":14,"column":6}},"3":{"start":{"line":8,"column":24},"end":{"line":8,"column":54}},"4":{"start":{"line":9,"column":8},"end":{"line":9,"column":null}},"5":{"start":{"line":10,"column":8},"end":{"line":10,"column":null}},"6":{"start":{"line":11,"column":8},"end":{"line":11,"column":null}},"7":{"start":{"line":13,"column":8},"end":{"line":13,"column":null}},"8":{"start":{"line":17,"column":21},"end":{"line":19,"column":5}},"9":{"start":{"line":18,"column":8},"end":{"line":18,"column":null}},"10":{"start":{"line":21,"column":24},"end":{"line":24,"column":5}},"11":{"start":{"line":22,"column":8},"end":{"line":22,"column":null}},"12":{"start":{"line":23,"column":8},"end":{"line":23,"column":null}},"13":{"start":{"line":26,"column":24},"end":{"line":29,"column":5}},"14":{"start":{"line":27,"column":8},"end":{"line":27,"column":null}},"15":{"start":{"line":28,"column":8},"end":{"line":28,"column":null}},"16":{"start":{"line":4,"column":0},"end":{"line":4,"column":13}}},"fnMap":{"0":{"name":"(anonymous_1)","decl":{"start":{"line":6,"column":20},"end":{"line":6,"column":25}},"loc":{"start":{"line":6,"column":58},"end":{"line":15,"column":5}}},"1":{"name":"(anonymous_2)","decl":{"start":{"line":17,"column":21},"end":{"line":17,"column":26}},"loc":{"start":{"line":17,"column":59},"end":{"line":19,"column":5}}},"2":{"name":"(anonymous_3)","decl":{"start":{"line":21,"column":24},"end":{"line":21,"column":29}},"loc":{"start":{"line":21,"column":62},"end":{"line":24,"column":5}}},"3":{"name":"(anonymous_4)","decl":{"start":{"line":26,"column":24},"end":{"line":26,"column":29}},"loc":{"start":{"line":26,"column":62},"end":{"line":29,"column":5}}}},"branchMap":{},"s":{"0":2,"1":2,"2":2,"3":2,"4":1,"5":1,"6":1,"7":1,"8":2,"9":1,"10":2,"11":1,"12":1,"13":2,"14":1,"15":1,"16":2},"f":{"0":2,"1":1,"2":1,"3":1},"b":{}}
,"C:\\Users\\juand\\OneDrive\\Escritorio\\crashtracker\\backend\\src\\emails\\AuthEmail.ts": {"path":"C:\\Users\\juand\\OneDrive\\Escritorio\\crashtracker\\backend\\src\\emails\\AuthEmail.ts","statementMap":{"0":{"start":{"line":1,"column":0},"end":{"line":1,"column":48}},"1":{"start":{"line":10,"column":33},"end":{"line":23,"column":5}},"2":{"start":{"line":11,"column":22},"end":{"line":21,"column":10}},"3":{"start":{"line":24,"column":34},"end":{"line":37,"column":5}},"4":{"start":{"line":25,"column":22},"end":{"line":35,"column":10}},"5":{"start":{"line":9,"column":0},"end":{"line":9,"column":13}}},"fnMap":{"0":{"name":"(anonymous_0)","decl":{"start":{"line":10,"column":33},"end":{"line":10,"column":38}},"loc":{"start":{"line":10,"column":56},"end":{"line":23,"column":5}}},"1":{"name":"(anonymous_1)","decl":{"start":{"line":24,"column":34},"end":{"line":24,"column":39}},"loc":{"start":{"line":24,"column":57},"end":{"line":37,"column":5}}}},"branchMap":{},"s":{"0":2,"1":2,"2":0,"3":2,"4":0,"5":2},"f":{"0":0,"1":0},"b":{}}
,"C:\\Users\\juand\\OneDrive\\Escritorio\\crashtracker\\backend\\src\\middleware\\auth.ts": {"path":"C:\\Users\\juand\\OneDrive\\Escritorio\\crashtracker\\backend\\src\\middleware\\auth.ts","statementMap":{"0":{"start":{"line":2,"column":0},"end":{"line":2,"column":33}},"1":{"start":{"line":3,"column":0},"end":{"line":3,"column":30}},"2":{"start":{"line":14,"column":27},"end":{"line":39,"column":1}},"3":{"start":{"line":15,"column":19},"end":{"line":15,"column":44}},"4":{"start":{"line":16,"column":8},"end":{"line":20,"column":9}},"5":{"start":{"line":17,"column":26},"end":{"line":17,"column":52}},"6":{"start":{"line":18,"column":12},"end":{"line":18,"column":null}},"7":{"start":{"line":19,"column":12},"end":{"line":19,"column":18}},"8":{"start":{"line":21,"column":22},"end":{"line":21,"column":39}},"9":{"start":{"line":22,"column":8},"end":{"line":26,"column":9}},"10":{"start":{"line":23,"column":26},"end":{"line":23,"column":54}},"11":{"start":{"line":24,"column":12},"end":{"line":24,"column":null}},"12":{"start":{"line":25,"column":12},"end":{"line":25,"column":18}},"13":{"start":{"line":27,"column":8},"end":{"line":38,"column":9}},"14":{"start":{"line":28,"column":28},"end":{"line":28,"column":66}},"15":{"start":{"line":29,"column":12},"end":{"line":34,"column":13}},"16":{"start":{"line":30,"column":16},"end":{"line":32,"column":null}},"17":{"start":{"line":33,"column":16},"end":{"line":33,"column":null}},"18":{"start":{"line":37,"column":12},"end":{"line":37,"column":null}},"19":{"start":{"line":14,"column":13},"end":{"line":14,"column":27}}},"fnMap":{"0":{"name":"(anonymous_1)","decl":{"start":{"line":14,"column":27},"end":{"line":14,"column":32}},"loc":{"start":{"line":14,"column":78},"end":{"line":39,"column":1}}}},"branchMap":{"0":{"loc":{"start":{"line":16,"column":8},"end":{"line":20,"column":9}},"type":"if","locations":[{"start":{"line":16,"column":8},"end":{"line":20,"column":9}}]},"1":{"loc":{"start":{"line":22,"column":8},"end":{"line":26,"column":9}},"type":"if","locations":[{"start":{"line":22,"column":8},"end":{"line":26,"column":9}}]},"2":{"loc":{"start":{"line":29,"column":12},"end":{"line":34,"column":13}},"type":"if","locations":[{"start":{"line":29,"column":12},"end":{"line":34,"column":13}}]},"3":{"loc":{"start":{"line":29,"column":15},"end":{"line":29,"column":55}},"type":"binary-expr","locations":[{"start":{"line":29,"column":15},"end":{"line":29,"column":41}},{"start":{"line":29,"column":45},"end":{"line":29,"column":55}}]}},"s":{"0":1,"1":1,"2":1,"3":14,"4":14,"5":5,"6":5,"7":5,"8":9,"9":9,"10":0,"11":0,"12":0,"13":9,"14":9,"15":8,"16":8,"17":8,"18":1,"19":1},"f":{"0":14},"b":{"0":[5],"1":[0],"2":[8],"3":[8,8]}}
,"C:\\Users\\juand\\OneDrive\\Escritorio\\crashtracker\\backend\\src\\middleware\\budget.ts": {"path":"C:\\Users\\juand\\OneDrive\\Escritorio\\crashtracker\\backend\\src\\middleware\\budget.ts","statementMap":{"0":{"start":{"line":55,"column":0},"end":{"line":55,"column":16}},"1":{"start":{"line":2,"column":0},"end":{"line":2,"column":66}},"2":{"start":{"line":3,"column":0},"end":{"line":3,"column":38}},"3":{"start":{"line":14,"column":32},"end":{"line":25,"column":1}},"4":{"start":{"line":15,"column":4},"end":{"line":17,"column":null}},"5":{"start":{"line":16,"column":19},"end":{"line":16,"column":26}},"6":{"start":{"line":19,"column":17},"end":{"line":19,"column":38}},"7":{"start":{"line":20,"column":8},"end":{"line":23,"column":9}},"8":{"start":{"line":21,"column":12},"end":{"line":21,"column":null}},"9":{"start":{"line":22,"column":12},"end":{"line":22,"column":18}},"10":{"start":{"line":24,"column":4},"end":{"line":24,"column":null}},"11":{"start":{"line":14,"column":13},"end":{"line":14,"column":32}},"12":{"start":{"line":27,"column":35},"end":{"line":41,"column":1}},"13":{"start":{"line":28,"column":4},"end":{"line":40,"column":5}},"14":{"start":{"line":29,"column":27},"end":{"line":29,"column":37}},"15":{"start":{"line":30,"column":23},"end":{"line":30,"column":54}},"16":{"start":{"line":31,"column":8},"end":{"line":35,"column":9}},"17":{"start":{"line":32,"column":25},"end":{"line":32,"column":63}},"18":{"start":{"line":33,"column":12},"end":{"line":33,"column":null}},"19":{"start":{"line":34,"column":12},"end":{"line":34,"column":18}},"20":{"start":{"line":36,"column":8},"end":{"line":36,"column":null}},"21":{"start":{"line":37,"column":8},"end":{"line":37,"column":null}},"22":{"start":{"line":39,"column":8},"end":{"line":39,"column":null}},"23":{"start":{"line":27,"column":13},"end":{"line":27,"column":35}},"24":{"start":{"line":43,"column":35},"end":{"line":53,"column":1}},"25":{"start":{"line":45,"column":4},"end":{"line":45,"column":null}},"26":{"start":{"line":46,"column":4},"end":{"line":49,"column":null}},"27":{"start":{"line":49,"column":27},"end":{"line":49,"column":34}},"28":{"start":{"line":52,"column":4},"end":{"line":52,"column":null}},"29":{"start":{"line":43,"column":13},"end":{"line":43,"column":35}},"30":{"start":{"line":56,"column":4},"end":{"line":60,"column":5}},"31":{"start":{"line":57,"column":22},"end":{"line":57,"column":51}},"32":{"start":{"line":58,"column":8},"end":{"line":58,"column":null}},"33":{"start":{"line":59,"column":8},"end":{"line":59,"column":14}},"34":{"start":{"line":61,"column":4},"end":{"line":61,"column":null}}},"fnMap":{"0":{"name":"(anonymous_1)","decl":{"start":{"line":14,"column":32},"end":{"line":14,"column":37}},"loc":{"start":{"line":14,"column":89},"end":{"line":25,"column":1}}},"1":{"name":"(anonymous_2)","decl":{"start":{"line":16,"column":12},"end":{"line":16,"column":17}},"loc":{"start":{"line":16,"column":19},"end":{"line":16,"column":26}}},"2":{"name":"(anonymous_3)","decl":{"start":{"line":27,"column":35},"end":{"line":27,"column":40}},"loc":{"start":{"line":27,"column":92},"end":{"line":41,"column":1}}},"3":{"name":"(anonymous_4)","decl":{"start":{"line":43,"column":35},"end":{"line":43,"column":40}},"loc":{"start":{"line":43,"column":92},"end":{"line":53,"column":1}}},"4":{"name":"(anonymous_5)","decl":{"start":{"line":49,"column":20},"end":{"line":49,"column":25}},"loc":{"start":{"line":49,"column":27},"end":{"line":49,"column":34}}},"5":{"name":"hasAccess","decl":{"start":{"line":55,"column":16},"end":{"line":55,"column":25}},"loc":{"start":{"line":55,"column":73},"end":{"line":62,"column":1}}}},"branchMap":{"0":{"loc":{"start":{"line":20,"column":8},"end":{"line":23,"column":9}},"type":"if","locations":[{"start":{"line":20,"column":8},"end":{"line":23,"column":9}}]},"1":{"loc":{"start":{"line":31,"column":8},"end":{"line":35,"column":9}},"type":"if","locations":[{"start":{"line":31,"column":8},"end":{"line":35,"column":9}}]},"2":{"loc":{"start":{"line":56,"column":4},"end":{"line":60,"column":5}},"type":"if","locations":[{"start":{"line":56,"column":4},"end":{"line":60,"column":5}}]}},"s":{"0":3,"1":3,"2":3,"3":3,"4":7,"5":6,"6":7,"7":7,"8":1,"9":1,"10":6,"11":3,"12":3,"13":9,"14":9,"15":9,"16":8,"17":7,"18":7,"19":7,"20":1,"21":1,"22":1,"23":3,"24":3,"25":0,"26":0,"27":0,"28":0,"29":3,"30":3,"31":2,"32":2,"33":2,"34":1},"f":{"0":7,"1":6,"2":9,"3":0,"4":0,"5":3},"b":{"0":[1],"1":[7],"2":[2]}}
,"C:\\Users\\juand\\OneDrive\\Escritorio\\crashtracker\\backend\\src\\middleware\\expense.ts": {"path":"C:\\Users\\juand\\OneDrive\\Escritorio\\crashtracker\\backend\\src\\middleware\\expense.ts","statementMap":{"0":{"start":{"line":2,"column":0},"end":{"line":2,"column":65}},"1":{"start":{"line":3,"column":0},"end":{"line":3,"column":40}},"2":{"start":{"line":15,"column":36},"end":{"line":25,"column":1}},"3":{"start":{"line":17,"column":4},"end":{"line":17,"column":null}},"4":{"start":{"line":18,"column":4},"end":{"line":21,"column":null}},"5":{"start":{"line":21,"column":27},"end":{"line":21,"column":34}},"6":{"start":{"line":24,"column":4},"end":{"line":24,"column":null}},"7":{"start":{"line":15,"column":13},"end":{"line":15,"column":36}},"8":{"start":{"line":27,"column":33},"end":{"line":38,"column":1}},"9":{"start":{"line":29,"column":4},"end":{"line":30,"column":null}},"10":{"start":{"line":29,"column":53},"end":{"line":29,"column":62}},"11":{"start":{"line":32,"column":21},"end":{"line":32,"column":42}},"12":{"start":{"line":33,"column":8},"end":{"line":36,"column":9}},"13":{"start":{"line":34,"column":12},"end":{"line":34,"column":null}},"14":{"start":{"line":35,"column":12},"end":{"line":35,"column":18}},"15":{"start":{"line":37,"column":4},"end":{"line":37,"column":null}},"16":{"start":{"line":27,"column":13},"end":{"line":27,"column":33}},"17":{"start":{"line":40,"column":36},"end":{"line":54,"column":1}},"18":{"start":{"line":41,"column":4},"end":{"line":53,"column":5}},"19":{"start":{"line":42,"column":28},"end":{"line":42,"column":38}},"20":{"start":{"line":43,"column":24},"end":{"line":43,"column":57}},"21":{"start":{"line":44,"column":8},"end":{"line":48,"column":9}},"22":{"start":{"line":45,"column":25},"end":{"line":45,"column":57}},"23":{"start":{"line":46,"column":12},"end":{"line":46,"column":null}},"24":{"start":{"line":47,"column":12},"end":{"line":47,"column":18}},"25":{"start":{"line":49,"column":8},"end":{"line":49,"column":null}},"26":{"start":{"line":50,"column":8},"end":{"line":50,"column":null}},"27":{"start":{"line":52,"column":8},"end":{"line":52,"column":null}},"28":{"start":{"line":40,"column":13},"end":{"line":40,"column":36}}},"fnMap":{"0":{"name":"(anonymous_1)","decl":{"start":{"line":15,"column":36},"end":{"line":15,"column":41}},"loc":{"start":{"line":15,"column":93},"end":{"line":25,"column":1}}},"1":{"name":"(anonymous_2)","decl":{"start":{"line":21,"column":20},"end":{"line":21,"column":25}},"loc":{"start":{"line":21,"column":27},"end":{"line":21,"column":34}}},"2":{"name":"(anonymous_3)","decl":{"start":{"line":27,"column":33},"end":{"line":27,"column":38}},"loc":{"start":{"line":27,"column":90},"end":{"line":38,"column":1}}},"3":{"name":"(anonymous_4)","decl":{"start":{"line":29,"column":44},"end":{"line":29,"column":49}},"loc":{"start":{"line":29,"column":53},"end":{"line":29,"column":62}}},"4":{"name":"(anonymous_5)","decl":{"start":{"line":40,"column":36},"end":{"line":40,"column":41}},"loc":{"start":{"line":40,"column":93},"end":{"line":54,"column":1}}}},"branchMap":{"0":{"loc":{"start":{"line":33,"column":8},"end":{"line":36,"column":9}},"type":"if","locations":[{"start":{"line":33,"column":8},"end":{"line":36,"column":9}}]},"1":{"loc":{"start":{"line":44,"column":8},"end":{"line":48,"column":9}},"type":"if","locations":[{"start":{"line":44,"column":8},"end":{"line":48,"column":9}}]}},"s":{"0":2,"1":2,"2":2,"3":0,"4":0,"5":0,"6":0,"7":2,"8":2,"9":0,"10":0,"11":0,"12":0,"13":0,"14":0,"15":0,"16":2,"17":2,"18":3,"19":3,"20":3,"21":2,"22":1,"23":1,"24":1,"25":1,"26":1,"27":1,"28":2},"f":{"0":0,"1":0,"2":0,"3":0,"4":3},"b":{"0":[0],"1":[1]}}
,"C:\\Users\\juand\\OneDrive\\Escritorio\\crashtracker\\backend\\src\\middleware\\validation.ts": {"path":"C:\\Users\\juand\\OneDrive\\Escritorio\\crashtracker\\backend\\src\\middleware\\validation.ts","statementMap":{"0":{"start":{"line":2,"column":0},"end":{"line":2,"column":52}},"1":{"start":{"line":4,"column":33},"end":{"line":11,"column":1}},"2":{"start":{"line":5,"column":17},"end":{"line":5,"column":38}},"3":{"start":{"line":6,"column":4},"end":{"line":9,"column":5}},"4":{"start":{"line":7,"column":8},"end":{"line":7,"column":null}},"5":{"start":{"line":8,"column":8},"end":{"line":8,"column":14}},"6":{"start":{"line":10,"column":4},"end":{"line":10,"column":null}},"7":{"start":{"line":4,"column":13},"end":{"line":4,"column":33}}},"fnMap":{"0":{"name":"(anonymous_0)","decl":{"start":{"line":4,"column":33},"end":{"line":4,"column":34}},"loc":{"start":{"line":4,"column":85},"end":{"line":11,"column":1}}}},"branchMap":{"0":{"loc":{"start":{"line":6,"column":4},"end":{"line":9,"column":5}},"type":"if","locations":[{"start":{"line":6,"column":4},"end":{"line":9,"column":5}}]}},"s":{"0":1,"1":1,"2":21,"3":21,"4":7,"5":7,"6":14,"7":1},"f":{"0":21},"b":{"0":[7]}}
,"C:\\Users\\juand\\OneDrive\\Escritorio\\crashtracker\\backend\\src\\models\\Budget.ts": {"path":"C:\\Users\\juand\\OneDrive\\Escritorio\\crashtracker\\backend\\src\\models\\Budget.ts","statementMap":{"0":{"start":{"line":1,"column":0},"end":{"line":1,"column":103}},"1":{"start":{"line":2,"column":0},"end":{"line":2,"column":31}},"2":{"start":{"line":3,"column":0},"end":{"line":3,"column":25}},"3":{"start":{"line":9,"column":0},"end":{"line":33,"column":null}},"4":{"start":{"line":14,"column":12},"end":{"line":14,"column":null}},"5":{"start":{"line":20,"column":12},"end":{"line":20,"column":null}},"6":{"start":{"line":26,"column":12},"end":{"line":26,"column":null}},"7":{"start":{"line":22,"column":17},"end":{"line":22,"column":24}},"8":{"start":{"line":29,"column":12},"end":{"line":29,"column":null}},"9":{"start":{"line":28,"column":20},"end":{"line":28,"column":24}},"10":{"start":{"line":32,"column":12},"end":{"line":32,"column":null}},"11":{"start":{"line":31,"column":19},"end":{"line":31,"column":23}},"12":{"start":{"line":9,"column":6},"end":{"line":33,"column":null}},"13":{"start":{"line":35,"column":0},"end":{"line":35,"column":null}}},"fnMap":{"0":{"name":"(anonymous_3)","decl":{"start":{"line":22,"column":13},"end":{"line":22,"column":15}},"loc":{"start":{"line":22,"column":17},"end":{"line":22,"column":24}}},"1":{"name":"(anonymous_4)","decl":{"start":{"line":28,"column":16},"end":{"line":28,"column":18}},"loc":{"start":{"line":28,"column":20},"end":{"line":28,"column":24}}},"2":{"name":"(anonymous_5)","decl":{"start":{"line":31,"column":15},"end":{"line":31,"column":17}},"loc":{"start":{"line":31,"column":19},"end":{"line":31,"column":23}}}},"branchMap":{},"s":{"0":3,"1":3,"2":3,"3":3,"4":3,"5":3,"6":3,"7":2,"8":3,"9":2,"10":3,"11":2,"12":3,"13":3},"f":{"0":2,"1":2,"2":2},"b":{}}
,"C:\\Users\\juand\\OneDrive\\Escritorio\\crashtracker\\backend\\src\\models\\Expense.ts": {"path":"C:\\Users\\juand\\OneDrive\\Escritorio\\crashtracker\\backend\\src\\models\\Expense.ts","statementMap":{"0":{"start":{"line":1,"column":0},"end":{"line":1,"column":96}},"1":{"start":{"line":2,"column":0},"end":{"line":2,"column":29}},"2":{"start":{"line":8,"column":0},"end":{"line":25,"column":null}},"3":{"start":{"line":13,"column":12},"end":{"line":13,"column":null}},"4":{"start":{"line":18,"column":12},"end":{"line":18,"column":null}},"5":{"start":{"line":21,"column":12},"end":{"line":21,"column":null}},"6":{"start":{"line":20,"column":20},"end":{"line":20,"column":26}},"7":{"start":{"line":24,"column":12},"end":{"line":24,"column":null}},"8":{"start":{"line":23,"column":19},"end":{"line":23,"column":25}},"9":{"start":{"line":8,"column":6},"end":{"line":25,"column":null}},"10":{"start":{"line":27,"column":0},"end":{"line":27,"column":null}}},"fnMap":{"0":{"name":"(anonymous_3)","decl":{"start":{"line":20,"column":16},"end":{"line":20,"column":18}},"loc":{"start":{"line":20,"column":20},"end":{"line":20,"column":26}}},"1":{"name":"(anonymous_4)","decl":{"start":{"line":23,"column":15},"end":{"line":23,"column":17}},"loc":{"start":{"line":23,"column":19},"end":{"line":23,"column":25}}}},"branchMap":{},"s":{"0":3,"1":3,"2":3,"3":3,"4":3,"5":3,"6":2,"7":3,"8":2,"9":3,"10":3},"f":{"0":2,"1":2},"b":{}}
,"C:\\Users\\juand\\OneDrive\\Escritorio\\crashtracker\\backend\\src\\models\\User.ts": {"path":"C:\\Users\\juand\\OneDrive\\Escritorio\\crashtracker\\backend\\src\\models\\User.ts","statementMap":{"0":{"start":{"line":1,"column":0},"end":{"line":1,"column":97}},"1":{"start":{"line":2,"column":0},"end":{"line":2,"column":29}},"2":{"start":{"line":9,"column":0},"end":{"line":46,"column":null}},"3":{"start":{"line":14,"column":12},"end":{"line":14,"column":null}},"4":{"start":{"line":20,"column":12},"end":{"line":20,"column":null}},"5":{"start":{"line":27,"column":12},"end":{"line":27,"column":null}},"6":{"start":{"line":32,"column":12},"end":{"line":32,"column":null}},"7":{"start":{"line":39,"column":12},"end":{"line":39,"column":null}},"8":{"start":{"line":45,"column":12},"end":{"line":45,"column":null}},"9":{"start":{"line":41,"column":17},"end":{"line":41,"column":23}},"10":{"start":{"line":9,"column":6},"end":{"line":46,"column":null}},"11":{"start":{"line":48,"column":0},"end":{"line":48,"column":null}}},"fnMap":{"0":{"name":"(anonymous_3)","decl":{"start":{"line":41,"column":13},"end":{"line":41,"column":15}},"loc":{"start":{"line":41,"column":17},"end":{"line":41,"column":23}}}},"branchMap":{},"s":{"0":3,"1":3,"2":3,"3":3,"4":3,"5":3,"6":3,"7":3,"8":3,"9":2,"10":3,"11":3},"f":{"0":2},"b":{}}
,"C:\\Users\\juand\\OneDrive\\Escritorio\\crashtracker\\backend\\src\\routes\\authRouter.ts": {"path":"C:\\Users\\juand\\OneDrive\\Escritorio\\crashtracker\\backend\\src\\routes\\authRouter.ts","statementMap":{"0":{"start":{"line":1,"column":0},"end":{"line":1,"column":30}},"1":{"start":{"line":2,"column":0},"end":{"line":2,"column":47}},"2":{"start":{"line":3,"column":0},"end":{"line":3,"column":62}},"3":{"start":{"line":4,"column":0},"end":{"line":4,"column":60}},"4":{"start":{"line":5,"column":0},"end":{"line":5,"column":43}},"5":{"start":{"line":6,"column":0},"end":{"line":6,"column":49}},"6":{"start":{"line":8,"column":15},"end":{"line":8,"column":23}},"7":{"start":{"line":10,"column":0},"end":{"line":10,"column":null}},"8":{"start":{"line":12,"column":0},"end":{"line":18,"column":null}},"9":{"start":{"line":20,"column":0},"end":{"line":24,"column":null}},"10":{"start":{"line":26,"column":0},"end":{"line":31,"column":null}},"11":{"start":{"line":33,"column":0},"end":{"line":37,"column":null}},"12":{"start":{"line":39,"column":0},"end":{"line":43,"column":null}},"13":{"start":{"line":45,"column":0},"end":{"line":50,"column":null}},"14":{"start":{"line":51,"column":0},"end":{"line":54,"column":null}},"15":{"start":{"line":56,"column":0},"end":{"line":62,"column":null}},"16":{"start":{"line":65,"column":0},"end":{"line":70,"column":null}},"17":{"start":{"line":75,"column":0},"end":{"line":75,"column":null}}},"fnMap":{},"branchMap":{},"s":{"0":1,"1":1,"2":1,"3":1,"4":1,"5":1,"6":1,"7":1,"8":1,"9":1,"10":1,"11":1,"12":1,"13":1,"14":1,"15":1,"16":1,"17":1},"f":{},"b":{}}
,"C:\\Users\\juand\\OneDrive\\Escritorio\\crashtracker\\backend\\src\\routes\\budgetRouter.ts": {"path":"C:\\Users\\juand\\OneDrive\\Escritorio\\crashtracker\\backend\\src\\routes\\budgetRouter.ts","statementMap":{"0":{"start":{"line":1,"column":0},"end":{"line":1,"column":33}},"1":{"start":{"line":2,"column":0},"end":{"line":2,"column":67}},"2":{"start":{"line":4,"column":0},"end":{"line":4,"column":61}},"3":{"start":{"line":5,"column":0},"end":{"line":5,"column":109}},"4":{"start":{"line":6,"column":0},"end":{"line":6,"column":70}},"5":{"start":{"line":7,"column":0},"end":{"line":7,"column":102}},"6":{"start":{"line":8,"column":0},"end":{"line":8,"column":50}},"7":{"start":{"line":10,"column":15},"end":{"line":10,"column":23}},"8":{"start":{"line":12,"column":0},"end":{"line":12,"column":null}},"9":{"start":{"line":14,"column":0},"end":{"line":14,"column":null}},"10":{"start":{"line":15,"column":0},"end":{"line":15,"column":null}},"11":{"start":{"line":16,"column":0},"end":{"line":16,"column":null}},"12":{"start":{"line":18,"column":0},"end":{"line":18,"column":null}},"13":{"start":{"line":19,"column":0},"end":{"line":19,"column":null}},"14":{"start":{"line":21,"column":0},"end":{"line":21,"column":null}},"15":{"start":{"line":22,"column":0},"end":{"line":25,"column":null}},"16":{"start":{"line":28,"column":0},"end":{"line":30,"column":null}},"17":{"start":{"line":31,"column":0},"end":{"line":34,"column":null}},"18":{"start":{"line":37,"column":0},"end":{"line":39,"column":null}},"19":{"start":{"line":44,"column":0},"end":{"line":48,"column":null}},"20":{"start":{"line":49,"column":0},"end":{"line":49,"column":null}},"21":{"start":{"line":50,"column":0},"end":{"line":54,"column":null}},"22":{"start":{"line":55,"column":0},"end":{"line":55,"column":null}},"23":{"start":{"line":57,"column":0},"end":{"line":57,"column":null}}},"fnMap":{},"branchMap":{},"s":{"0":1,"1":1,"2":1,"3":1,"4":1,"5":1,"6":1,"7":1,"8":1,"9":1,"10":1,"11":1,"12":1,"13":1,"14":1,"15":1,"16":1,"17":1,"18":1,"19":1,"20":1,"21":1,"22":1,"23":1},"f":{},"b":{}}
,"C:\\Users\\juand\\OneDrive\\Escritorio\\crashtracker\\backend\\src\\tests\\mocks\\budgets.ts": {"path":"C:\\Users\\juand\\OneDrive\\Escritorio\\crashtracker\\backend\\src\\tests\\mocks\\budgets.ts","statementMap":{"0":{"start":{"line":1,"column":13},"end":{"line":71,"column":2}}},"fnMap":{},"branchMap":{},"s":{"0":3},"f":{},"b":{}}
,"C:\\Users\\juand\\OneDrive\\Escritorio\\crashtracker\\backend\\src\\tests\\mocks\\expenses.ts": {"path":"C:\\Users\\juand\\OneDrive\\Escritorio\\crashtracker\\backend\\src\\tests\\mocks\\expenses.ts","statementMap":{"0":{"start":{"line":1,"column":13},"end":{"line":26,"column":null}}},"fnMap":{},"branchMap":{},"s":{"0":2},"f":{},"b":{}}
,"C:\\Users\\juand\\OneDrive\\Escritorio\\crashtracker\\backend\\src\\utils\\auth.ts": {"path":"C:\\Users\\juand\\OneDrive\\Escritorio\\crashtracker\\backend\\src\\utils\\auth.ts","statementMap":{"0":{"start":{"line":1,"column":0},"end":{"line":1,"column":27}},"1":{"start":{"line":4,"column":27},"end":{"line":7,"column":1}},"2":{"start":{"line":5,"column":17},"end":{"line":5,"column":41}},"3":{"start":{"line":6,"column":4},"end":{"line":6,"column":null}},"4":{"start":{"line":4,"column":13},"end":{"line":4,"column":27}},"5":{"start":{"line":9,"column":29},"end":{"line":11,"column":1}},"6":{"start":{"line":10,"column":4},"end":{"line":10,"column":null}},"7":{"start":{"line":9,"column":13},"end":{"line":9,"column":29}}},"fnMap":{"0":{"name":"(anonymous_1)","decl":{"start":{"line":4,"column":27},"end":{"line":4,"column":32}},"loc":{"start":{"line":4,"column":51},"end":{"line":7,"column":1}}},"1":{"name":"(anonymous_2)","decl":{"start":{"line":9,"column":29},"end":{"line":9,"column":34}},"loc":{"start":{"line":9,"column":65},"end":{"line":11,"column":1}}}},"branchMap":{},"s":{"0":2,"1":2,"2":0,"3":0,"4":2,"5":2,"6":5,"7":2},"f":{"0":0,"1":5},"b":{}}
,"C:\\Users\\juand\\OneDrive\\Escritorio\\crashtracker\\backend\\src\\utils\\jwt.ts": {"path":"C:\\Users\\juand\\OneDrive\\Escritorio\\crashtracker\\backend\\src\\utils\\jwt.ts","statementMap":{"0":{"start":{"line":1,"column":0},"end":{"line":1,"column":33}},"1":{"start":{"line":3,"column":26},"end":{"line":8,"column":1}},"2":{"start":{"line":4,"column":18},"end":{"line":6,"column":6}},"3":{"start":{"line":7,"column":4},"end":{"line":7,"column":null}},"4":{"start":{"line":3,"column":13},"end":{"line":3,"column":26}}},"fnMap":{"0":{"name":"(anonymous_1)","decl":{"start":{"line":3,"column":26},"end":{"line":3,"column":27}},"loc":{"start":{"line":3,"column":39},"end":{"line":8,"column":1}}}},"branchMap":{},"s":{"0":2,"1":2,"2":5,"3":5,"4":2},"f":{"0":5},"b":{}}
,"C:\\Users\\juand\\OneDrive\\Escritorio\\crashtracker\\backend\\src\\utils\\token.ts": {"path":"C:\\Users\\juand\\OneDrive\\Escritorio\\crashtracker\\backend\\src\\utils\\token.ts","statementMap":{"0":{"start":{"line":1,"column":27},"end":{"line":1,"column":81}},"1":{"start":{"line":1,"column":31},"end":{"line":1,"column":81}},"2":{"start":{"line":1,"column":13},"end":{"line":1,"column":27}}},"fnMap":{"0":{"name":"(anonymous_0)","decl":{"start":{"line":1,"column":27},"end":{"line":1,"column":29}},"loc":{"start":{"line":1,"column":31},"end":{"line":1,"column":81}}}},"branchMap":{},"s":{"0":2,"1":0,"2":2},"f":{"0":0},"b":{}}
}
