TN:
SF:src\server.ts
FN:9,connectDB
FNF:1
FNH:1
FNDA:1,connectDB
DA:1,1
DA:3,1
DA:4,1
DA:5,1
DA:6,1
DA:9,1
DA:10,1
DA:11,1
DA:12,1
DA:20,1
DA:22,1
DA:24,1
DA:26,1
DA:28,1
DA:29,1
DA:32,1
LF:16
LH:16
BRF:0
BRH:0
end_of_record
TN:
SF:src\config\db.ts
FNF:0
FNH:0
DA:1,1
DA:2,1
DA:4,1
DA:6,1
LF:4
LH:4
BRF:0
BRH:0
end_of_record
TN:
SF:src\config\limiter.ts
FNF:0
FNH:0
DA:1,1
DA:3,1
LF:2
LH:2
BRDA:5,0,0,0
BRDA:5,0,1,1
BRF:2
BRH:1
end_of_record
TN:
SF:src\config\nodemailer.ts
FN:14,(anonymous_1)
FNF:1
FNH:1
FNDA:2,(anonymous_1)
DA:1,2
DA:2,2
DA:3,2
DA:14,2
DA:15,2
DA:25,2
LF:6
LH:6
BRF:0
BRH:0
end_of_record
TN:
SF:src\controllers\AuthController.ts
FN:9,(anonymous_1)
FN:43,(anonymous_2)
FN:57,(anonymous_3)
FN:84,(anonymous_4)
FN:103,(anonymous_5)
FN:113,(anonymous_6)
FN:127,(anonymous_7)
FN:130,(anonymous_8)
FN:144,(anonymous_9)
FNF:9
FNH:3
FNDA:5,(anonymous_1)
FNDA:1,(anonymous_2)
FNDA:14,(anonymous_3)
FNDA:0,(anonymous_4)
FNDA:0,(anonymous_5)
FNDA:0,(anonymous_6)
FNDA:0,(anonymous_7)
FNDA:0,(anonymous_8)
FNDA:0,(anonymous_9)
DA:2,2
DA:3,2
DA:4,2
DA:5,2
DA:6,2
DA:8,2
DA:9,2
DA:10,5
DA:12,5
DA:14,5
DA:15,4
DA:16,4
DA:17,4
DA:19,1
DA:20,1
DA:22,1
DA:23,1
DA:24,1
DA:26,1
DA:27,1
DA:30,1
DA:32,1
DA:37,1
DA:39,0
DA:40,0
DA:43,2
DA:44,1
DA:45,1
DA:46,1
DA:47,1
DA:48,1
DA:49,1
DA:51,0
DA:52,0
DA:53,0
DA:54,0
DA:57,2
DA:58,14
DA:60,14
DA:62,14
DA:63,2
DA:64,2
DA:65,2
DA:68,12
DA:69,3
DA:70,3
DA:71,3
DA:74,9
DA:75,9
DA:76,2
DA:77,2
DA:78,2
DA:81,7
DA:82,7
DA:84,2
DA:85,0
DA:87,0
DA:89,0
DA:90,0
DA:91,0
DA:92,0
DA:94,0
DA:95,0
DA:96,0
DA:101,0
DA:103,2
DA:104,0
DA:105,0
DA:106,0
DA:107,0
DA:108,0
DA:109,0
DA:111,0
DA:113,2
DA:114,0
DA:115,0
DA:116,0
DA:117,0
DA:118,0
DA:119,0
DA:120,0
DA:122,0
DA:123,0
DA:124,0
DA:125,0
DA:127,2
DA:128,0
DA:130,2
DA:131,0
DA:132,0
DA:133,0
DA:134,0
DA:135,0
DA:136,0
DA:137,0
DA:138,0
DA:140,0
DA:141,0
DA:142,0
DA:144,2
DA:145,0
DA:146,0
DA:147,0
DA:148,0
DA:149,0
DA:150,0
DA:151,0
DA:152,0
DA:155,0
LF:109
LH:54
BRDA:14,0,0,4
BRDA:26,1,0,1
BRDA:46,2,0,1
BRDA:62,3,0,2
BRDA:68,4,0,3
BRDA:75,5,0,2
BRDA:89,6,0,0
BRDA:106,7,0,0
BRDA:117,8,0,0
BRDA:135,9,0,0
BRDA:149,10,0,0
BRF:11
BRH:6
end_of_record
TN:
SF:src\controllers\BudgetController.ts
FN:6,(anonymous_1)
FN:21,(anonymous_2)
FN:31,(anonymous_3)
FN:37,(anonymous_4)
FN:41,(anonymous_5)
FNF:5
FNH:5
FNDA:5,(anonymous_1)
FNDA:2,(anonymous_2)
FNDA:3,(anonymous_3)
FNDA:1,(anonymous_4)
FNDA:1,(anonymous_5)
DA:2,2
DA:3,2
DA:5,2
DA:6,2
DA:7,5
DA:8,5
DA:16,4
DA:18,1
DA:21,2
DA:22,2
DA:23,2
DA:24,1
DA:25,1
DA:26,1
DA:28,1
DA:31,2
DA:32,3
DA:35,3
DA:37,2
DA:38,1
DA:39,1
DA:41,2
DA:42,1
DA:43,1
LF:24
LH:24
BRF:0
BRH:0
end_of_record
TN:
SF:src\controllers\ExpenseController.ts
FN:6,(anonymous_1)
FN:17,(anonymous_2)
FN:21,(anonymous_3)
FN:26,(anonymous_4)
FNF:4
FNH:4
FNDA:2,(anonymous_1)
FNDA:1,(anonymous_2)
FNDA:1,(anonymous_3)
FNDA:1,(anonymous_4)
DA:2,2
DA:4,2
DA:6,2
DA:7,2
DA:8,2
DA:9,1
DA:10,1
DA:11,1
DA:13,1
DA:17,2
DA:18,1
DA:21,2
DA:22,1
DA:23,1
DA:26,2
DA:27,1
DA:28,1
LF:17
LH:17
BRF:0
BRH:0
end_of_record
TN:
SF:src\emails\AuthEmail.ts
FN:10,(anonymous_0)
FN:24,(anonymous_1)
FNF:2
FNH:0
FNDA:0,(anonymous_0)
FNDA:0,(anonymous_1)
DA:1,2
DA:9,2
DA:10,2
DA:11,0
DA:24,2
DA:25,0
LF:6
LH:4
BRF:0
BRH:0
end_of_record
TN:
SF:src\middleware\auth.ts
FN:14,(anonymous_1)
FNF:1
FNH:1
FNDA:14,(anonymous_1)
DA:2,1
DA:3,1
DA:14,1
DA:15,14
DA:16,14
DA:17,5
DA:18,5
DA:19,5
DA:21,9
DA:22,9
DA:23,0
DA:24,0
DA:25,0
DA:27,9
DA:28,9
DA:29,8
DA:30,8
DA:33,8
DA:37,1
LF:19
LH:16
BRDA:16,0,0,5
BRDA:22,1,0,0
BRDA:29,2,0,8
BRDA:29,3,0,8
BRDA:29,3,1,8
BRF:5
BRH:4
end_of_record
TN:
SF:src\middleware\budget.ts
FN:14,(anonymous_1)
FN:16,(anonymous_2)
FN:27,(anonymous_3)
FN:43,(anonymous_4)
FN:49,(anonymous_5)
FN:55,hasAccess
FNF:6
FNH:4
FNDA:7,(anonymous_1)
FNDA:6,(anonymous_2)
FNDA:9,(anonymous_3)
FNDA:0,(anonymous_4)
FNDA:0,(anonymous_5)
FNDA:3,hasAccess
DA:2,3
DA:3,3
DA:14,3
DA:15,7
DA:16,6
DA:19,7
DA:20,7
DA:21,1
DA:22,1
DA:24,6
DA:27,3
DA:28,9
DA:29,9
DA:30,9
DA:31,8
DA:32,7
DA:33,7
DA:34,7
DA:36,1
DA:37,1
DA:39,1
DA:43,3
DA:45,0
DA:46,0
DA:49,0
DA:52,0
DA:55,3
DA:56,3
DA:57,2
DA:58,2
DA:59,2
DA:61,1
LF:32
LH:28
BRDA:20,0,0,1
BRDA:31,1,0,7
BRDA:56,2,0,2
BRF:3
BRH:3
end_of_record
TN:
SF:src\middleware\expense.ts
FN:15,(anonymous_1)
FN:21,(anonymous_2)
FN:27,(anonymous_3)
FN:29,(anonymous_4)
FN:40,(anonymous_5)
FNF:5
FNH:1
FNDA:0,(anonymous_1)
FNDA:0,(anonymous_2)
FNDA:0,(anonymous_3)
FNDA:0,(anonymous_4)
FNDA:3,(anonymous_5)
DA:2,2
DA:3,2
DA:15,2
DA:17,0
DA:18,0
DA:21,0
DA:24,0
DA:27,2
DA:29,0
DA:32,0
DA:33,0
DA:34,0
DA:35,0
DA:37,0
DA:40,2
DA:41,3
DA:42,3
DA:43,3
DA:44,2
DA:45,1
DA:46,1
DA:47,1
DA:49,1
DA:50,1
DA:52,1
LF:25
LH:15
BRDA:33,0,0,0
BRDA:44,1,0,1
BRF:2
BRH:1
end_of_record
TN:
SF:src\middleware\validation.ts
FN:4,(anonymous_0)
FNF:1
FNH:1
FNDA:21,(anonymous_0)
DA:2,1
DA:4,1
DA:5,21
DA:6,21
DA:7,7
DA:8,7
DA:10,14
LF:7
LH:7
BRDA:6,0,0,7
BRF:1
BRH:1
end_of_record
TN:
SF:src\models\Budget.ts
FN:22,(anonymous_3)
FN:28,(anonymous_4)
FN:31,(anonymous_5)
FNF:3
FNH:3
FNDA:2,(anonymous_3)
FNDA:2,(anonymous_4)
FNDA:2,(anonymous_5)
DA:1,3
DA:2,3
DA:3,3
DA:9,3
DA:14,3
DA:20,3
DA:22,2
DA:26,3
DA:28,2
DA:29,3
DA:31,2
DA:32,3
DA:35,3
LF:13
LH:13
BRF:0
BRH:0
end_of_record
TN:
SF:src\models\Expense.ts
FN:20,(anonymous_3)
FN:23,(anonymous_4)
FNF:2
FNH:2
FNDA:2,(anonymous_3)
FNDA:2,(anonymous_4)
DA:1,3
DA:2,3
DA:8,3
DA:13,3
DA:18,3
DA:20,2
DA:21,3
DA:23,2
DA:24,3
DA:27,3
LF:10
LH:10
BRF:0
BRH:0
end_of_record
TN:
SF:src\models\User.ts
FN:41,(anonymous_3)
FNF:1
FNH:1
FNDA:2,(anonymous_3)
DA:1,3
DA:2,3
DA:9,3
DA:14,3
DA:20,3
DA:27,3
DA:32,3
DA:39,3
DA:41,2
DA:45,3
DA:48,3
LF:11
LH:11
BRF:0
BRH:0
end_of_record
TN:
SF:src\routes\authRouter.ts
FNF:0
FNH:0
DA:1,1
DA:2,1
DA:3,1
DA:4,1
DA:5,1
DA:6,1
DA:8,1
DA:10,1
DA:12,1
DA:20,1
DA:26,1
DA:33,1
DA:39,1
DA:45,1
DA:51,1
DA:56,1
DA:65,1
DA:75,1
LF:18
LH:18
BRF:0
BRH:0
end_of_record
TN:
SF:src\routes\budgetRouter.ts
FNF:0
FNH:0
DA:1,1
DA:2,1
DA:4,1
DA:5,1
DA:6,1
DA:7,1
DA:8,1
DA:10,1
DA:12,1
DA:14,1
DA:15,1
DA:16,1
DA:18,1
DA:19,1
DA:21,1
DA:22,1
DA:28,1
DA:31,1
DA:37,1
DA:44,1
DA:49,1
DA:50,1
DA:55,1
DA:57,1
LF:24
LH:24
BRF:0
BRH:0
end_of_record
TN:
SF:src\tests\mocks\budgets.ts
FNF:0
FNH:0
DA:1,3
LF:1
LH:1
BRF:0
BRH:0
end_of_record
TN:
SF:src\tests\mocks\expenses.ts
FNF:0
FNH:0
DA:1,2
LF:1
LH:1
BRF:0
BRH:0
end_of_record
TN:
SF:src\utils\auth.ts
FN:4,(anonymous_1)
FN:9,(anonymous_2)
FNF:2
FNH:1
FNDA:0,(anonymous_1)
FNDA:5,(anonymous_2)
DA:1,2
DA:4,2
DA:5,0
DA:6,0
DA:9,2
DA:10,5
LF:6
LH:4
BRF:0
BRH:0
end_of_record
TN:
SF:src\utils\jwt.ts
FN:3,(anonymous_1)
FNF:1
FNH:1
FNDA:5,(anonymous_1)
DA:1,2
DA:3,2
DA:4,5
DA:7,5
LF:4
LH:4
BRF:0
BRH:0
end_of_record
TN:
SF:src\utils\token.ts
FN:1,(anonymous_0)
FNF:1
FNH:0
FNDA:0,(anonymous_0)
DA:1,2
LF:1
LH:1
BRF:0
BRH:0
end_of_record
